nohup: ignoring input


**************  start new model : VGG13_origin ******************
Files already downloaded and verified
SGD (
Parameter Group 0
    dampening: 0
    lr: 0.05
    momentum: 0.9
    nesterov: False
    weight_decay: 0.0005
)
-1
False

Epoch [1]
[Train set] Loss: 2.2868, Accuracy: 6365/50000 (12.73%)  Epoch time : 8.6438 
   LR : 0.0499
[Test set] Average loss: 0.0091, Accuracy: 1154/10000 (11.54%)
save by ./Result/VGG13/21_11_5/VGG13_best.pt

Epoch [2]
[Train set] Loss: 2.0849, Accuracy: 11072/50000 (22.14%)  Epoch time : 7.5261 
   LR : 0.0495
[Test set] Average loss: 0.0080, Accuracy: 2856/10000 (28.56%)
save by ./Result/VGG13/21_11_5/VGG13_best.pt

Epoch [3]
[Train set] Loss: 1.7499, Accuracy: 15272/50000 (30.54%)  Epoch time : 7.5853 
   LR : 0.0488
[Test set] Average loss: 0.0068, Accuracy: 3611/10000 (36.11%)
save by ./Result/VGG13/21_11_5/VGG13_best.pt

Epoch [4]
[Train set] Loss: 1.6034, Accuracy: 19656/50000 (39.31%)  Epoch time : 7.5951 
   LR : 0.0478
[Test set] Average loss: 0.0057, Accuracy: 4602/10000 (46.02%)
save by ./Result/VGG13/21_11_5/VGG13_best.pt

Epoch [5]
[Train set] Loss: 1.2895, Accuracy: 22919/50000 (45.84%)  Epoch time : 7.5609 
   LR : 0.0467
[Test set] Average loss: 0.0059, Accuracy: 4584/10000 (45.84%)
Time ellapsed in training is: 45.66130328178406
save dir : ./Result/VGG13/21_11_5


**************  start new model : VGG13_v1 ******************
Files already downloaded and verified
SGD (
Parameter Group 0
    dampening: 0
    lr: 0.05
    momentum: 0.9
    nesterov: False
    weight_decay: 0.0005
)
-1
False
/opt/conda/lib/python3.7/site-packages/torch/storage.py:34: FutureWarning: pickle support for Storage will be removed in 1.5. Use `torch.save` instead
  warnings.warn("pickle support for Storage will be removed in 1.5. Use `torch.save` instead", FutureWarning)

Epoch [1]
[Train set] Loss: 1.3052, Accuracy: 18144/50000 (36.29%)  Epoch time : 8.4181 
   LR : 0.0499
[Test set] Average loss: 0.0054, Accuracy: 5049/10000 (50.49%)
save by ./Result/VGG13/21_11_5/VGG13_best.pt

Epoch [2]
[Train set] Loss: 1.1454, Accuracy: 27529/50000 (55.06%)  Epoch time : 8.3325 
   LR : 0.0495
[Test set] Average loss: 0.0045, Accuracy: 6059/10000 (60.59%)
save by ./Result/VGG13/21_11_5/VGG13_best.pt

Epoch [3]
[Train set] Loss: 0.9594, Accuracy: 32334/50000 (64.67%)  Epoch time : 8.3358 
   LR : 0.0488
[Test set] Average loss: 0.0035, Accuracy: 6917/10000 (69.17%)
save by ./Result/VGG13/21_11_5/VGG13_best.pt

Epoch [4]
[Train set] Loss: 0.6838, Accuracy: 35209/50000 (70.42%)  Epoch time : 8.3314 
   LR : 0.0478
[Test set] Average loss: 0.0038, Accuracy: 6672/10000 (66.72%)

Epoch [5]
[Train set] Loss: 0.9981, Accuracy: 37122/50000 (74.24%)  Epoch time : 8.3306 
   LR : 0.0467
[Test set] Average loss: 0.0028, Accuracy: 7606/10000 (76.06%)
save by ./Result/VGG13/21_11_5/VGG13_best.pt
Time ellapsed in training is: 49.35713815689087
save dir : ./Result/VGG13/21_11_5


**************  start new model : VGG13_v2 ******************
Files already downloaded and verified
SGD (
Parameter Group 0
    dampening: 0
    lr: 0.05
    momentum: 0.9
    nesterov: False
    weight_decay: 0.0005
)
-1
False

Epoch [1]
[Train set] Loss: 1.6293, Accuracy: 12646/50000 (25.29%)  Epoch time : 8.3487 
   LR : 0.0499
[Test set] Average loss: 0.0070, Accuracy: 3472/10000 (34.72%)
save by ./Result/VGG13/21_11_6/VGG13_best.pt

Epoch [2]
[Train set] Loss: 1.4327, Accuracy: 19582/50000 (39.16%)  Epoch time : 8.3316 
   LR : 0.0495
[Test set] Average loss: 0.0061, Accuracy: 4478/10000 (44.78%)
save by ./Result/VGG13/21_11_6/VGG13_best.pt

Epoch [3]
[Train set] Loss: 1.3612, Accuracy: 23455/50000 (46.91%)  Epoch time : 8.3420 
   LR : 0.0488
[Test set] Average loss: 0.0049, Accuracy: 5533/10000 (55.33%)
save by ./Result/VGG13/21_11_6/VGG13_best.pt

Epoch [4]
[Train set] Loss: 1.1762, Accuracy: 26979/50000 (53.96%)  Epoch time : 8.3281 
   LR : 0.0478
[Test set] Average loss: 0.0043, Accuracy: 6134/10000 (61.34%)
save by ./Result/VGG13/21_11_6/VGG13_best.pt

Epoch [5]
[Train set] Loss: 1.1728, Accuracy: 29710/50000 (59.42%)  Epoch time : 8.3389 
   LR : 0.0467
[Test set] Average loss: 0.0039, Accuracy: 6476/10000 (64.76%)
save by ./Result/VGG13/21_11_6/VGG13_best.pt
Time ellapsed in training is: 49.17433285713196
save dir : ./Result/VGG13/21_11_6


**************  start new model : GoogLeNet_origin ******************
Files already downloaded and verified
SGD (
Parameter Group 0
    dampening: 0
    lr: 0.05
    momentum: 0.9
    nesterov: False
    weight_decay: 0.0005
)
-1
False

Epoch [1]
[Train set] Loss: 2.1163, Accuracy: 6442/50000 (12.88%)  Epoch time : 43.4459 
   LR : 0.0499
[Test set] Average loss: 0.0105, Accuracy: 1933/10000 (19.33%)
save by ./Result/GoogLeNet_origin/21_11_7/GoogLeNet_origin_best.pt

Epoch [2]
[Train set] Loss: 1.8656, Accuracy: 11140/50000 (22.28%)  Epoch time : 43.3650 
   LR : 0.0495
[Test set] Average loss: 0.0095, Accuracy: 2700/10000 (27.00%)
save by ./Result/GoogLeNet_origin/21_11_7/GoogLeNet_origin_best.pt

Epoch [3]
[Train set] Loss: 1.7714, Accuracy: 14594/50000 (29.19%)  Epoch time : 43.4131 
   LR : 0.0488
[Test set] Average loss: 0.0086, Accuracy: 3406/10000 (34.06%)
save by ./Result/GoogLeNet_origin/21_11_7/GoogLeNet_origin_best.pt

Epoch [4]
[Train set] Loss: 1.6803, Accuracy: 17102/50000 (34.20%)  Epoch time : 43.4273 
   LR : 0.0478
[Test set] Average loss: 0.0083, Accuracy: 3548/10000 (35.48%)
save by ./Result/GoogLeNet_origin/21_11_7/GoogLeNet_origin_best.pt

Epoch [5]
[Train set] Loss: 1.5382, Accuracy: 18855/50000 (37.71%)  Epoch time : 43.4330 
   LR : 0.0467
[Test set] Average loss: 0.0077, Accuracy: 4231/10000 (42.31%)
save by ./Result/GoogLeNet_origin/21_11_7/GoogLeNet_origin_best.pt
Time ellapsed in training is: 230.6018521785736
save dir : ./Result/GoogLeNet_origin/21_11_7


**************  start new model : GoogLeNet_with_BN ******************
Files already downloaded and verified
SGD (
Parameter Group 0
    dampening: 0
    lr: 0.05
    momentum: 0.9
    nesterov: False
    weight_decay: 0.0005
)
-1
False

Epoch [1]
[Train set] Loss: 1.5372, Accuracy: 18689/50000 (37.38%)  Epoch time : 48.8075 
   LR : 0.0499
[Test set] Average loss: 0.0077, Accuracy: 4517/10000 (45.17%)
save by ./Result/GoogLeNet_with_BN/21_11_11/GoogLeNet_with_BN_best.pt

Epoch [2]
[Train set] Loss: 1.1822, Accuracy: 27665/50000 (55.33%)  Epoch time : 48.8004 
   LR : 0.0495
[Test set] Average loss: 0.0091, Accuracy: 4192/10000 (41.92%)

Epoch [3]
[Train set] Loss: 0.8414, Accuracy: 33435/50000 (66.87%)  Epoch time : 48.7363 
   LR : 0.0488
[Test set] Average loss: 0.0058, Accuracy: 6061/10000 (60.61%)
save by ./Result/GoogLeNet_with_BN/21_11_11/GoogLeNet_with_BN_best.pt

Epoch [4]
[Train set] Loss: 0.7414, Accuracy: 37298/50000 (74.60%)  Epoch time : 48.6353 
   LR : 0.0478
[Test set] Average loss: 0.0045, Accuracy: 7028/10000 (70.28%)
save by ./Result/GoogLeNet_with_BN/21_11_11/GoogLeNet_with_BN_best.pt

Epoch [5]
[Train set] Loss: 0.4312, Accuracy: 39373/50000 (78.75%)  Epoch time : 48.5979 
   LR : 0.0467
[Test set] Average loss: 0.0034, Accuracy: 7560/10000 (75.60%)
save by ./Result/GoogLeNet_with_BN/21_11_11/GoogLeNet_with_BN_best.pt
Time ellapsed in training is: 258.11450719833374
save dir : ./Result/GoogLeNet_with_BN/21_11_11


**************  start new model : GoogLeNet_v1 ******************
Files already downloaded and verified
SGD (
Parameter Group 0
    dampening: 0
    lr: 0.05
    momentum: 0.9
    nesterov: False
    weight_decay: 0.0005
)
-1
False

Epoch [1]
[Train set] Loss: 2.1689, Accuracy: 7387/50000 (14.77%)  Epoch time : 53.2358 
   LR : 0.0499
[Test set] Average loss: 0.0105, Accuracy: 2173/10000 (21.73%)
save by ./Result/GoogLeNet_v1/21_11_15/GoogLeNet_v1_best.pt

Epoch [2]
[Train set] Loss: 2.1075, Accuracy: 10572/50000 (21.14%)  Epoch time : 53.2335 
   LR : 0.0495
[Test set] Average loss: 0.0102, Accuracy: 2381/10000 (23.81%)
save by ./Result/GoogLeNet_v1/21_11_15/GoogLeNet_v1_best.pt

Epoch [3]
[Train set] Loss: 2.0016, Accuracy: 12809/50000 (25.62%)  Epoch time : 53.1858 
   LR : 0.0488
[Test set] Average loss: 0.0093, Accuracy: 3113/10000 (31.13%)
save by ./Result/GoogLeNet_v1/21_11_15/GoogLeNet_v1_best.pt

Epoch [4]
[Train set] Loss: 1.7799, Accuracy: 15013/50000 (30.03%)  Epoch time : 53.1216 
   LR : 0.0478
[Test set] Average loss: 0.0086, Accuracy: 3743/10000 (37.43%)
save by ./Result/GoogLeNet_v1/21_11_15/GoogLeNet_v1_best.pt

Epoch [5]
[Train set] Loss: 1.8089, Accuracy: 16663/50000 (33.33%)  Epoch time : 53.0864 
   LR : 0.0467
[Test set] Average loss: 0.0087, Accuracy: 3647/10000 (36.47%)
Time ellapsed in training is: 280.4580888748169
save dir : ./Result/GoogLeNet_v1/21_11_15


**************  start new model : GoogLeNet_v2 ******************
Files already downloaded and verified
SGD (
Parameter Group 0
    dampening: 0
    lr: 0.05
    momentum: 0.9
    nesterov: False
    weight_decay: 0.0005
)
-1
False

Epoch [1]
[Train set] Loss: 2.2465, Accuracy: 6639/50000 (13.28%)  Epoch time : 66.7977 
   LR : 0.0499
[Test set] Average loss: 0.0112, Accuracy: 1656/10000 (16.56%)
save by ./Result/GoogLeNet_v2/21_11_20/GoogLeNet_v2_best.pt

Epoch [2]
[Train set] Loss: 2.1109, Accuracy: 10674/50000 (21.35%)  Epoch time : 66.7412 
   LR : 0.0495
[Test set] Average loss: 0.0100, Accuracy: 2677/10000 (26.77%)
save by ./Result/GoogLeNet_v2/21_11_20/GoogLeNet_v2_best.pt

Epoch [3]
[Train set] Loss: 1.8650, Accuracy: 12867/50000 (25.73%)  Epoch time : 66.7622 
   LR : 0.0488
[Test set] Average loss: 0.0092, Accuracy: 3286/10000 (32.86%)
save by ./Result/GoogLeNet_v2/21_11_20/GoogLeNet_v2_best.pt

Epoch [4]
[Train set] Loss: 1.8313, Accuracy: 14744/50000 (29.49%)  Epoch time : 66.8603 
   LR : 0.0478
[Test set] Average loss: 0.0088, Accuracy: 3482/10000 (34.82%)
save by ./Result/GoogLeNet_v2/21_11_20/GoogLeNet_v2_best.pt

Epoch [5]
[Train set] Loss: 1.7442, Accuracy: 16732/50000 (33.46%)  Epoch time : 66.8249 
   LR : 0.0467
[Test set] Average loss: 0.0086, Accuracy: 3621/10000 (36.21%)
save by ./Result/GoogLeNet_v2/21_11_20/GoogLeNet_v2_best.pt
Time ellapsed in training is: 353.55535864830017
save dir : ./Result/GoogLeNet_v2/21_11_20


**************  start new model : GoogLeNet_v3 ******************
Files already downloaded and verified
SGD (
Parameter Group 0
    dampening: 0
    lr: 0.05
    momentum: 0.9
    nesterov: False
    weight_decay: 0.0005
)
-1
False

Epoch [1]
[Train set] Loss: 1.7976, Accuracy: 8727/50000 (17.45%)  Epoch time : 62.3100 
   LR : 0.0499
[Test set] Average loss: 0.0097, Accuracy: 2717/10000 (27.17%)
save by ./Result/GoogLeNet_v3/21_11_26/GoogLeNet_v3_best.pt

Epoch [2]
[Train set] Loss: 1.6625, Accuracy: 17445/50000 (34.89%)  Epoch time : 62.2846 
   LR : 0.0495
[Test set] Average loss: 0.0206, Accuracy: 1905/10000 (19.05%)

Epoch [3]
[Train set] Loss: 1.5108, Accuracy: 23171/50000 (46.34%)  Epoch time : 62.4065 
   LR : 0.0488
[Test set] Average loss: 0.0183, Accuracy: 2239/10000 (22.39%)

Epoch [4]
[Train set] Loss: 1.1631, Accuracy: 28300/50000 (56.60%)  Epoch time : 62.3307 
   LR : 0.0478
[Test set] Average loss: 0.0060, Accuracy: 5625/10000 (56.25%)
save by ./Result/GoogLeNet_v3/21_11_26/GoogLeNet_v3_best.pt

Epoch [5]
[Train set] Loss: 0.8706, Accuracy: 32121/50000 (64.24%)  Epoch time : 62.3189 
   LR : 0.0467
[Test set] Average loss: 0.0089, Accuracy: 4258/10000 (42.58%)
Time ellapsed in training is: 330.6672863960266
save dir : ./Result/GoogLeNet_v3/21_11_26


**************  start new model : ResNet18_origin ******************
Files already downloaded and verified
SGD (
Parameter Group 0
    dampening: 0
    lr: 0.03
    momentum: 0.9
    nesterov: False
    weight_decay: 0.0005
)
-1
False

Epoch [1]
[Train set] Loss: 1.2097, Accuracy: 21650/50000 (43.30%)  Epoch time : 17.4081 
   LR : 0.0299
[Test set] Average loss: 0.0114, Accuracy: 3133/10000 (31.33%)
save by ./Result/ResNet18_origin/21_11_31/ResNet18_origin_best.pt

Epoch [2]
[Train set] Loss: 0.8687, Accuracy: 31748/50000 (63.50%)  Epoch time : 17.3420 
   LR : 0.0297
[Test set] Average loss: 0.0051, Accuracy: 5890/10000 (58.90%)
save by ./Result/ResNet18_origin/21_11_31/ResNet18_origin_best.pt

Epoch [3]
[Train set] Loss: 0.8806, Accuracy: 36303/50000 (72.61%)  Epoch time : 17.3685 
   LR : 0.0293
[Test set] Average loss: 0.0039, Accuracy: 6800/10000 (68.00%)
save by ./Result/ResNet18_origin/21_11_31/ResNet18_origin_best.pt

Epoch [4]
[Train set] Loss: 0.5115, Accuracy: 38781/50000 (77.56%)  Epoch time : 17.3698 
   LR : 0.0287
[Test set] Average loss: 0.0027, Accuracy: 7603/10000 (76.03%)
save by ./Result/ResNet18_origin/21_11_31/ResNet18_origin_best.pt

Epoch [5]
[Train set] Loss: 0.8834, Accuracy: 40437/50000 (80.87%)  Epoch time : 17.3825 
   LR : 0.0280
[Test set] Average loss: 0.0027, Accuracy: 7692/10000 (76.92%)
save by ./Result/ResNet18_origin/21_11_31/ResNet18_origin_best.pt
Time ellapsed in training is: 93.66946125030518
save dir : ./Result/ResNet18_origin/21_11_31


**************  start new model : ResNet34_origin ******************
Files already downloaded and verified
SGD (
Parameter Group 0
    dampening: 0
    lr: 0.03
    momentum: 0.9
    nesterov: False
    weight_decay: 0.0005
)
-1
False

Epoch [1]
[Train set] Loss: 1.4526, Accuracy: 19048/50000 (38.10%)  Epoch time : 30.2170 
   LR : 0.0299
[Test set] Average loss: 0.0090, Accuracy: 3171/10000 (31.71%)
save by ./Result/ResNet34_origin/21_11_33/ResNet34_origin_best.pt

Epoch [2]
[Train set] Loss: 1.0050, Accuracy: 28120/50000 (56.24%)  Epoch time : 30.2757 
   LR : 0.0297
[Test set] Average loss: 0.0073, Accuracy: 4465/10000 (44.65%)
save by ./Result/ResNet34_origin/21_11_33/ResNet34_origin_best.pt

Epoch [3]
[Train set] Loss: 0.7040, Accuracy: 33547/50000 (67.09%)  Epoch time : 30.3282 
   LR : 0.0293
[Test set] Average loss: 0.0049, Accuracy: 6049/10000 (60.49%)
save by ./Result/ResNet34_origin/21_11_33/ResNet34_origin_best.pt

Epoch [4]
[Train set] Loss: 0.7159, Accuracy: 37215/50000 (74.43%)  Epoch time : 30.2491 
   LR : 0.0287
[Test set] Average loss: 0.0050, Accuracy: 6232/10000 (62.32%)
save by ./Result/ResNet34_origin/21_11_33/ResNet34_origin_best.pt

Epoch [5]
[Train set] Loss: 0.6243, Accuracy: 39065/50000 (78.13%)  Epoch time : 30.2693 
   LR : 0.0280
[Test set] Average loss: 0.0032, Accuracy: 7335/10000 (73.35%)
save by ./Result/ResNet34_origin/21_11_33/ResNet34_origin_best.pt
Time ellapsed in training is: 163.13865113258362
save dir : ./Result/ResNet34_origin/21_11_33


**************  start new model : ResNet34_v1 ******************
Files already downloaded and verified
SGD (
Parameter Group 0
    dampening: 0
    lr: 0.03
    momentum: 0.9
    nesterov: False
    weight_decay: 0.0005
)
-1
False

Epoch [1]
[Train set] Loss: 1.1905, Accuracy: 19068/50000 (38.14%)  Epoch time : 30.2555 
   LR : 0.0299
[Test set] Average loss: 0.0063, Accuracy: 4438/10000 (44.38%)
save by ./Result/ResNet34_v1/21_11_36/ResNet34_v1_best.pt

Epoch [2]
[Train set] Loss: 1.0197, Accuracy: 28062/50000 (56.12%)  Epoch time : 30.2366 
   LR : 0.0297
[Test set] Average loss: 0.0102, Accuracy: 4875/10000 (48.75%)
save by ./Result/ResNet34_v1/21_11_36/ResNet34_v1_best.pt

Epoch [3]
[Train set] Loss: 0.7823, Accuracy: 32539/50000 (65.08%)  Epoch time : 30.2950 
   LR : 0.0293
[Test set] Average loss: 0.0044, Accuracy: 6149/10000 (61.49%)
save by ./Result/ResNet34_v1/21_11_36/ResNet34_v1_best.pt

Epoch [4]
[Train set] Loss: 0.9448, Accuracy: 35805/50000 (71.61%)  Epoch time : 30.3013 
   LR : 0.0287
[Test set] Average loss: 0.0040, Accuracy: 6730/10000 (67.30%)
save by ./Result/ResNet34_v1/21_11_36/ResNet34_v1_best.pt

Epoch [5]
[Train set] Loss: 0.7375, Accuracy: 37850/50000 (75.70%)  Epoch time : 30.2811 
   LR : 0.0280
[Test set] Average loss: 0.0058, Accuracy: 5701/10000 (57.01%)
Time ellapsed in training is: 162.54952764511108
save dir : ./Result/ResNet34_v1/21_11_36


**************  start new model : ResNet34_v2 ******************
Files already downloaded and verified
SGD (
Parameter Group 0
    dampening: 0
    lr: 0.03
    momentum: 0.9
    nesterov: False
    weight_decay: 0.0005
)
-1
False
Traceback (most recent call last):
  File "main.py", line 170, in <module>
    utils.train(hyper_param_dict, model, device)
  File "/home/tjrgh/ML_Class_Final/utils/train.py", line 86, in train
    output = model(images)
  File "/opt/conda/lib/python3.7/site-packages/torch/nn/modules/module.py", line 577, in __call__
    result = self.forward(*input, **kwargs)
  File "/home/tjrgh/ML_Class_Final/models/ResNet.py", line 276, in forward
    out = F.relu(self.bn2(self.conv2(x)))
  File "/opt/conda/lib/python3.7/site-packages/torch/nn/modules/module.py", line 577, in __call__
    result = self.forward(*input, **kwargs)
  File "/opt/conda/lib/python3.7/site-packages/torch/nn/modules/conv.py", line 377, in forward
    return self._conv_forward(input, self.weight)
  File "/opt/conda/lib/python3.7/site-packages/torch/nn/modules/conv.py", line 374, in _conv_forward
    self.padding, self.dilation, self.groups)
RuntimeError: Given groups=1, weight of size [64, 128, 1, 1], expected input[256, 3, 32, 32] to have 128 channels, but got 3 channels instead
